Reading netlist file: "C:\Users\jared\OneDrive\Ayrscott\Projects\88bit\prelude\gowin\prelude\impl\gwsynthesis\prelude.vg"
Parsing netlist file "C:\Users\jared\OneDrive\Ayrscott\Projects\88bit\prelude\gowin\prelude\impl\gwsynthesis\prelude.vg" completed
Processing netlist completed
Reading constraint file: "C:\Users\jared\OneDrive\Ayrscott\Projects\88bit\prelude\gowin\prelude\src\prelude.cst"
Physical Constraint parsed completed
Running placement......
[10%] Placement Phase 0 completed
[20%] Placement Phase 1 completed
[30%] Placement Phase 2 completed
[50%] Placement Phase 3 completed
Running routing......
[60%] Routing Phase 0 completed
[70%] Routing Phase 1 completed
[80%] Routing Phase 2 completed
[90%] Routing Phase 3 completed
Running timing analysis......
[95%] Timing analysis completed
Placement and routing completed
Bitstream generation in progress......
Bitstream generation completed
Running power analysis......
[100%] Power analysis completed
Generate file "C:\Users\jared\OneDrive\Ayrscott\Projects\88bit\prelude\gowin\prelude\impl\pnr\prelude.power.html" completed
Generate file "C:\Users\jared\OneDrive\Ayrscott\Projects\88bit\prelude\gowin\prelude\impl\pnr\prelude.pin.html" completed
Generate file "C:\Users\jared\OneDrive\Ayrscott\Projects\88bit\prelude\gowin\prelude\impl\pnr\prelude.rpt.html" completed
Generate file "C:\Users\jared\OneDrive\Ayrscott\Projects\88bit\prelude\gowin\prelude\impl\pnr\prelude.rpt.txt" completed
Generate file "C:\Users\jared\OneDrive\Ayrscott\Projects\88bit\prelude\gowin\prelude\impl\pnr\prelude.tr.html" completed
Wed Dec 18 01:37:42 2024

